TN:
SF:src\App.tsx
FN:7,App
FNF:1
FNH:0
FNDA:0,App
DA:8,0
LF:1
LH:0
BRF:0
BRH:0
end_of_record
TN:
SF:src\components\CountdownTimer.tsx
FN:9,CountdownTimer
FN:12,(anonymous_1)
FN:14,(anonymous_2)
FN:19,(anonymous_3)
FNF:4
FNH:4
FNDA:7,CountdownTimer
FNDA:4,(anonymous_1)
FNDA:4,(anonymous_2)
FNDA:3,(anonymous_3)
DA:10,7
DA:12,7
DA:13,4
DA:14,3
DA:15,4
DA:17,3
DA:18,3
DA:19,3
DA:22,7
DA:24,6
DA:25,6
DA:26,6
DA:28,6
LF:13
LH:13
BRDA:13,0,0,1
BRDA:13,0,1,3
BRDA:22,1,0,1
BRDA:22,1,1,6
BRDA:32,2,0,3
BRDA:32,2,1,3
BRF:6
BRH:6
end_of_record
TN:
SF:src\components\Layout.tsx
FN:9,useUpdateCheck
FN:12,(anonymous_1)
FN:17,(anonymous_2)
FN:18,(anonymous_3)
FN:21,(anonymous_4)
FN:38,Layout
FN:44,(anonymous_6)
FN:53,(anonymous_7)
FN:59,(anonymous_8)
FN:74,(anonymous_9)
FN:74,(anonymous_10)
FN:125,(anonymous_11)
FNF:12
FNH:0
FNDA:0,useUpdateCheck
FNDA:0,(anonymous_1)
FNDA:0,(anonymous_2)
FNDA:0,(anonymous_3)
FNDA:0,(anonymous_4)
FNDA:0,Layout
FNDA:0,(anonymous_6)
FNDA:0,(anonymous_7)
FNDA:0,(anonymous_8)
FNDA:0,(anonymous_9)
FNDA:0,(anonymous_10)
FNDA:0,(anonymous_11)
DA:7,0
DA:10,0
DA:12,0
DA:13,0
DA:14,0
DA:17,0
DA:19,0
DA:21,0
DA:25,0
DA:30,0
DA:33,0
DA:39,0
DA:40,0
DA:41,0
DA:42,0
DA:44,0
DA:45,0
DA:52,0
DA:54,0
DA:59,0
DA:68,0
DA:74,0
DA:125,0
LF:23
LH:0
BRDA:13,0,0,0
BRDA:13,0,1,0
BRDA:13,1,0,0
BRDA:13,1,1,0
BRDA:17,2,0,0
BRDA:17,2,1,0
BRDA:19,3,0,0
BRDA:19,3,1,0
BRDA:25,4,0,0
BRDA:25,4,1,0
BRDA:25,4,2,0
BRDA:25,4,3,0
BRDA:46,5,0,0
BRDA:46,5,1,0
BRDA:77,6,0,0
BRDA:77,6,1,0
BRDA:91,7,0,0
BRDA:91,7,1,0
BRDA:96,8,0,0
BRDA:96,8,1,0
BRDA:118,9,0,0
BRDA:118,9,1,0
BRF:22
BRH:0
end_of_record
TN:
SF:src\components\ResultsTable.tsx
FN:10,ResultsTable
FN:13,(anonymous_1)
FN:24,(anonymous_2)
FN:33,(anonymous_3)
FN:48,(anonymous_4)
FN:48,(anonymous_5)
FN:94,(anonymous_6)
FNF:7
FNH:0
FNDA:0,ResultsTable
FNDA:0,(anonymous_1)
FNDA:0,(anonymous_2)
FNDA:0,(anonymous_3)
FNDA:0,(anonymous_4)
FNDA:0,(anonymous_5)
FNDA:0,(anonymous_6)
DA:11,0
DA:13,0
DA:14,0
DA:15,0
DA:24,0
DA:33,0
DA:34,0
DA:35,0
DA:36,0
DA:37,0
DA:38,0
DA:39,0
DA:40,0
DA:43,0
DA:48,0
DA:95,0
LF:16
LH:0
BRDA:29,0,0,0
BRDA:29,0,1,0
BRDA:30,1,0,0
BRDA:30,1,1,0
BRDA:64,2,0,0
BRDA:64,2,1,0
BRDA:73,3,0,0
BRDA:73,3,1,0
BRDA:112,4,0,0
BRDA:112,4,1,0
BRDA:115,5,0,0
BRDA:115,5,1,0
BRF:12
BRH:0
end_of_record
TN:
SF:src\components\SpeedChart.tsx
FN:29,CustomTooltip
FN:34,(anonymous_1)
FN:50,SpeedChart
FN:54,(anonymous_3)
FNF:4
FNH:0
FNDA:0,CustomTooltip
FNDA:0,(anonymous_1)
FNDA:0,SpeedChart
FNDA:0,(anonymous_3)
DA:30,0
DA:31,0
DA:35,0
DA:51,0
DA:54,0
DA:64,0
LF:6
LH:0
BRDA:30,0,0,0
BRDA:30,0,1,0
BRDA:30,1,0,0
BRDA:30,1,1,0
BRDA:42,2,0,0
BRDA:42,2,1,0
BRF:6
BRH:0
end_of_record
TN:
SF:src\components\SpeedGauge.tsx
FN:11,randomBetween
FN:15,SpeedGauge
FN:24,(anonymous_2)
FN:26,(anonymous_3)
FN:34,(anonymous_4)
FN:87,(anonymous_5)
FNF:6
FNH:3
FNDA:0,randomBetween
FNDA:4,SpeedGauge
FNDA:4,(anonymous_2)
FNDA:0,(anonymous_3)
FNDA:0,(anonymous_4)
FNDA:16,(anonymous_5)
DA:12,0
DA:16,4
DA:24,4
DA:25,4
DA:26,0
DA:27,0
DA:34,0
DA:37,4
DA:46,4
DA:85,4
DA:88,16
LF:11
LH:7
BRDA:25,0,0,4
BRDA:25,0,1,0
BRDA:37,1,0,0
BRDA:37,1,1,4
BRDA:40,2,0,4
BRDA:40,2,1,2
BRDA:41,3,0,4
BRDA:41,3,1,2
BRDA:42,4,0,4
BRDA:42,4,1,2
BRDA:43,5,0,4
BRDA:43,5,1,2
BRDA:105,6,0,0
BRDA:105,6,1,16
BRF:14
BRH:11
end_of_record
TN:
SF:src\context\HermesContext.tsx
FN:17,HermesProvider
FN:23,(anonymous_1)
FN:24,(anonymous_2)
FN:27,(anonymous_3)
FN:35,(anonymous_4)
FN:51,(anonymous_5)
FN:58,(anonymous_6)
FNF:7
FNH:0
FNDA:0,HermesProvider
FNDA:0,(anonymous_1)
FNDA:0,(anonymous_2)
FNDA:0,(anonymous_3)
FNDA:0,(anonymous_4)
FNDA:0,(anonymous_5)
FNDA:0,(anonymous_6)
DA:18,0
DA:19,0
DA:20,0
DA:23,0
DA:24,0
DA:27,0
DA:28,0
DA:29,0
DA:30,0
DA:31,0
DA:33,0
DA:34,0
DA:35,0
DA:36,0
DA:37,0
DA:38,0
DA:39,0
DA:40,0
DA:41,0
DA:42,0
DA:46,0
DA:50,0
DA:52,0
DA:53,0
DA:58,0
DA:59,0
DA:74,0
LF:27
LH:0
BRDA:28,0,0,0
BRDA:28,0,1,0
BRDA:34,1,0,0
BRDA:34,1,1,0
BRDA:38,2,0,0
BRDA:38,2,1,0
BRDA:39,3,0,0
BRDA:39,3,1,0
BRDA:39,4,0,0
BRDA:39,4,1,0
BRF:10
BRH:0
end_of_record
TN:
SF:src\context\hermesContextDef.ts
FNF:0
FNH:0
DA:21,0
LF:1
LH:0
BRF:0
BRH:0
end_of_record
TN:
SF:src\hooks\useHermes.ts
FN:7,useHermes
FNF:1
FNH:0
FNDA:0,useHermes
DA:8,0
DA:9,0
DA:10,0
LF:3
LH:0
BRDA:9,0,0,0
BRDA:9,0,1,0
BRF:2
BRH:0
end_of_record
TN:
SF:src\hooks\useSpeedData.ts
FN:7,useSpeedData
FN:14,(anonymous_1)
FN:33,(anonymous_2)
FN:36,(anonymous_3)
FNF:4
FNH:0
FNDA:0,useSpeedData
FNDA:0,(anonymous_1)
FNDA:0,(anonymous_2)
FNDA:0,(anonymous_3)
DA:5,0
DA:8,0
DA:9,0
DA:10,0
DA:11,0
DA:12,0
DA:14,0
DA:15,0
DA:16,0
DA:21,0
DA:22,0
DA:23,0
DA:24,0
DA:26,0
DA:28,0
DA:33,0
DA:34,0
DA:35,0
DA:36,0
DA:39,0
LF:20
LH:0
BRDA:26,0,0,0
BRDA:26,0,1,0
BRF:2
BRH:0
end_of_record
TN:
SF:src\lib\api.ts
FN:16,request
FN:33,(anonymous_1)
FN:38,(anonymous_2)
FN:43,(anonymous_3)
FN:48,(anonymous_4)
FN:53,(anonymous_5)
FN:61,(anonymous_6)
FNF:7
FNH:4
FNDA:4,request
FNDA:1,(anonymous_1)
FNDA:0,(anonymous_2)
FNDA:1,(anonymous_3)
FNDA:0,(anonymous_4)
FNDA:0,(anonymous_5)
FNDA:2,(anonymous_6)
DA:14,1
DA:20,4
DA:24,4
DA:25,1
DA:26,1
DA:28,3
DA:31,1
DA:34,1
DA:39,0
DA:44,1
DA:49,0
DA:54,0
DA:62,2
LF:13
LH:10
BRDA:24,0,0,1
BRDA:24,0,1,3
BRDA:33,1,0,1
BRDA:33,2,0,1
BRF:4
BRH:4
end_of_record
TN:
SF:src\pages\Dashboard.tsx
FN:9,Dashboard
FN:24,(anonymous_1)
FNF:2
FNH:0
FNDA:0,Dashboard
FNDA:0,(anonymous_1)
DA:10,0
DA:13,0
DA:25,0
DA:28,0
LF:4
LH:0
BRDA:25,0,0,0
BRDA:25,0,1,0
BRDA:28,1,0,0
BRDA:28,1,1,0
BRDA:35,2,0,0
BRDA:35,2,1,0
BRDA:38,3,0,0
BRDA:38,3,1,0
BRDA:40,4,0,0
BRDA:40,4,1,0
BRDA:40,5,0,0
BRDA:40,5,1,0
BRDA:45,6,0,0
BRDA:45,6,1,0
BRDA:50,7,0,0
BRDA:50,7,1,0
BRDA:56,8,0,0
BRDA:56,8,1,0
BRDA:67,9,0,0
BRDA:67,9,1,0
BRDA:87,10,0,0
BRDA:87,10,1,0
BRDA:98,11,0,0
BRDA:98,11,1,0
BRDA:98,11,2,0
BRDA:98,11,3,0
BRF:26
BRH:0
end_of_record
TN:
SF:src\pages\Settings.tsx
FN:14,Settings
FN:20,(anonymous_1)
FN:32,(anonymous_2)
FN:33,(anonymous_3)
FN:36,(anonymous_4)
FN:42,(anonymous_5)
FN:46,(anonymous_6)
FN:84,(anonymous_7)
FN:85,(anonymous_8)
FN:112,(anonymous_9)
FN:126,(anonymous_10)
FNF:11
FNH:0
FNDA:0,Settings
FNDA:0,(anonymous_1)
FNDA:0,(anonymous_2)
FNDA:0,(anonymous_3)
FNDA:0,(anonymous_4)
FNDA:0,(anonymous_5)
FNDA:0,(anonymous_6)
FNDA:0,(anonymous_7)
FNDA:0,(anonymous_8)
FNDA:0,(anonymous_9)
FNDA:0,(anonymous_10)
DA:7,0
DA:15,0
DA:16,0
DA:17,0
DA:20,0
DA:21,0
DA:24,0
DA:25,0
DA:32,0
DA:33,0
DA:34,0
DA:35,0
DA:36,0
DA:38,0
DA:42,0
DA:43,0
DA:44,0
DA:45,0
DA:46,0
DA:49,0
DA:85,0
DA:86,0
DA:113,0
DA:114,0
DA:126,0
LF:25
LH:0
BRDA:21,0,0,0
BRDA:21,0,1,0
BRDA:24,1,0,0
BRDA:24,1,1,0
BRDA:34,2,0,0
BRDA:34,2,1,0
BRDA:35,3,0,0
BRDA:35,3,1,0
BRDA:43,4,0,0
BRDA:43,4,1,0
BRDA:86,5,0,0
BRDA:86,5,1,0
BRDA:91,6,0,0
BRDA:91,6,1,0
BRDA:128,7,0,0
BRDA:128,7,1,0
BRDA:134,8,0,0
BRDA:134,8,1,0
BRDA:150,9,0,0
BRDA:150,9,1,0
BRDA:155,10,0,0
BRDA:155,10,1,0
BRF:22
BRH:0
end_of_record
TN:
SF:src\types\index.ts
FNF:0
FNH:0
LF:0
LH:0
BRF:0
BRH:0
end_of_record
