TN:
SF:src\App.tsx
FN:7,App
FNF:1
FNH:0
FNDA:0,App
DA:8,0
LF:1
LH:0
BRF:0
BRH:0
end_of_record
TN:
SF:src\components\CountdownTimer.tsx
FN:9,CountdownTimer
FN:12,(anonymous_1)
FN:14,(anonymous_2)
FN:19,(anonymous_3)
FNF:4
FNH:4
FNDA:7,CountdownTimer
FNDA:4,(anonymous_1)
FNDA:4,(anonymous_2)
FNDA:3,(anonymous_3)
DA:10,7
DA:12,7
DA:13,4
DA:14,3
DA:15,4
DA:17,3
DA:18,3
DA:19,3
DA:22,7
DA:24,6
DA:25,6
DA:26,6
DA:28,6
LF:13
LH:13
BRDA:13,0,0,1
BRDA:13,0,1,3
BRDA:22,1,0,1
BRDA:22,1,1,6
BRDA:32,2,0,3
BRDA:32,2,1,3
BRF:6
BRH:6
end_of_record
TN:
SF:src\components\Layout.tsx
FN:9,useUpdateCheck
FN:12,(anonymous_1)
FN:17,(anonymous_2)
FN:18,(anonymous_3)
FN:21,(anonymous_4)
FN:38,Layout
FN:44,(anonymous_6)
FN:53,(anonymous_7)
FN:59,(anonymous_8)
FN:74,(anonymous_9)
FN:74,(anonymous_10)
FN:125,(anonymous_11)
FNF:12
FNH:0
FNDA:0,useUpdateCheck
FNDA:0,(anonymous_1)
FNDA:0,(anonymous_2)
FNDA:0,(anonymous_3)
FNDA:0,(anonymous_4)
FNDA:0,Layout
FNDA:0,(anonymous_6)
FNDA:0,(anonymous_7)
FNDA:0,(anonymous_8)
FNDA:0,(anonymous_9)
FNDA:0,(anonymous_10)
FNDA:0,(anonymous_11)
DA:7,0
DA:10,0
DA:12,0
DA:13,0
DA:14,0
DA:17,0
DA:19,0
DA:21,0
DA:25,0
DA:30,0
DA:33,0
DA:39,0
DA:40,0
DA:41,0
DA:42,0
DA:44,0
DA:45,0
DA:52,0
DA:54,0
DA:59,0
DA:68,0
DA:74,0
DA:125,0
LF:23
LH:0
BRDA:13,0,0,0
BRDA:13,0,1,0
BRDA:13,1,0,0
BRDA:13,1,1,0
BRDA:17,2,0,0
BRDA:17,2,1,0
BRDA:19,3,0,0
BRDA:19,3,1,0
BRDA:25,4,0,0
BRDA:25,4,1,0
BRDA:25,4,2,0
BRDA:25,4,3,0
BRDA:46,5,0,0
BRDA:46,5,1,0
BRDA:77,6,0,0
BRDA:77,6,1,0
BRDA:91,7,0,0
BRDA:91,7,1,0
BRDA:96,8,0,0
BRDA:96,8,1,0
BRDA:118,9,0,0
BRDA:118,9,1,0
BRF:22
BRH:0
end_of_record
TN:
SF:src\components\ResultsTable.tsx
FN:10,ResultsTable
FN:13,(anonymous_1)
FN:24,(anonymous_2)
FN:33,(anonymous_3)
FN:48,(anonymous_4)
FN:48,(anonymous_5)
FN:94,(anonymous_6)
FNF:7
FNH:0
FNDA:0,ResultsTable
FNDA:0,(anonymous_1)
FNDA:0,(anonymous_2)
FNDA:0,(anonymous_3)
FNDA:0,(anonymous_4)
FNDA:0,(anonymous_5)
FNDA:0,(anonymous_6)
DA:11,0
DA:13,0
DA:14,0
DA:15,0
DA:24,0
DA:33,0
DA:34,0
DA:35,0
DA:36,0
DA:37,0
DA:38,0
DA:39,0
DA:40,0
DA:43,0
DA:48,0
DA:95,0
LF:16
LH:0
BRDA:29,0,0,0
BRDA:29,0,1,0
BRDA:30,1,0,0
BRDA:30,1,1,0
BRDA:64,2,0,0
BRDA:64,2,1,0
BRDA:73,3,0,0
BRDA:73,3,1,0
BRDA:112,4,0,0
BRDA:112,4,1,0
BRDA:115,5,0,0
BRDA:115,5,1,0
BRF:12
BRH:0
end_of_record
TN:
SF:src\components\SpeedChart.tsx
FN:29,CustomTooltip
FN:34,(anonymous_1)
FN:50,SpeedChart
FN:54,(anonymous_3)
FNF:4
FNH:0
FNDA:0,CustomTooltip
FNDA:0,(anonymous_1)
FNDA:0,SpeedChart
FNDA:0,(anonymous_3)
DA:30,0
DA:31,0
DA:35,0
DA:51,0
DA:54,0
DA:64,0
LF:6
LH:0
BRDA:30,0,0,0
BRDA:30,0,1,0
BRDA:30,1,0,0
BRDA:30,1,1,0
BRDA:42,2,0,0
BRDA:42,2,1,0
BRF:6
BRH:0
end_of_record
TN:
SF:src\components\SpeedGauge.tsx
FN:11,randomBetween
FN:15,SpeedGauge
FN:24,(anonymous_2)
FN:26,(anonymous_3)
FN:34,(anonymous_4)
FN:87,(anonymous_5)
FNF:6
FNH:3
FNDA:0,randomBetween
FNDA:4,SpeedGauge
FNDA:4,(anonymous_2)
FNDA:0,(anonymous_3)
FNDA:0,(anonymous_4)
FNDA:16,(anonymous_5)
DA:12,0
DA:16,4
DA:24,4
DA:25,4
DA:26,0
DA:27,0
DA:34,0
DA:37,4
DA:46,4
DA:85,4
DA:88,16
LF:11
LH:7
BRDA:25,0,0,4
BRDA:25,0,1,0
BRDA:37,1,0,0
BRDA:37,1,1,4
BRDA:40,2,0,4
BRDA:40,2,1,2
BRDA:41,3,0,4
BRDA:41,3,1,2
BRDA:42,4,0,4
BRDA:42,4,1,2
BRDA:43,5,0,4
BRDA:43,5,1,2
BRDA:105,6,0,0
BRDA:105,6,1,16
BRF:14
BRH:11
end_of_record
TN:
SF:src\context\HermesContext.tsx
FN:17,HermesProvider
FN:24,(anonymous_1)
FN:25,(anonymous_2)
FN:26,(anonymous_3)
FN:31,(anonymous_4)
FN:33,(anonymous_5)
FN:47,(anonymous_6)
FN:50,(anonymous_7)
FN:69,(anonymous_8)
FN:77,(anonymous_9)
FN:84,(anonymous_10)
FNF:11
FNH:0
FNDA:0,HermesProvider
FNDA:0,(anonymous_1)
FNDA:0,(anonymous_2)
FNDA:0,(anonymous_3)
FNDA:0,(anonymous_4)
FNDA:0,(anonymous_5)
FNDA:0,(anonymous_6)
FNDA:0,(anonymous_7)
FNDA:0,(anonymous_8)
FNDA:0,(anonymous_9)
FNDA:0,(anonymous_10)
DA:18,0
DA:19,0
DA:20,0
DA:21,0
DA:24,0
DA:25,0
DA:26,0
DA:31,0
DA:32,0
DA:33,0
DA:34,0
DA:35,0
DA:36,0
DA:39,0
DA:40,0
DA:42,0
DA:47,0
DA:50,0
DA:51,0
DA:52,0
DA:53,0
DA:54,0
DA:55,0
DA:58,0
DA:59,0
DA:62,0
DA:63,0
DA:68,0
DA:70,0
DA:71,0
DA:76,0
DA:78,0
DA:79,0
DA:84,0
DA:85,0
DA:102,0
LF:36
LH:0
BRDA:39,0,0,0
BRDA:39,0,1,0
BRDA:39,1,0,0
BRDA:39,1,1,0
BRDA:51,2,0,0
BRDA:51,2,1,0
BRDA:54,3,0,0
BRDA:54,3,1,0
BRDA:58,4,0,0
BRDA:58,4,1,0
BRDA:62,5,0,0
BRDA:62,5,1,0
BRDA:62,6,0,0
BRDA:62,6,1,0
BRF:14
BRH:0
end_of_record
TN:
SF:src\context\hermesContextDef.ts
FNF:0
FNH:0
DA:23,0
LF:1
LH:0
BRF:0
BRH:0
end_of_record
TN:
SF:src\hooks\useHermes.ts
FN:7,useHermes
FNF:1
FNH:0
FNDA:0,useHermes
DA:8,0
DA:9,0
DA:10,0
LF:3
LH:0
BRDA:9,0,0,0
BRDA:9,0,1,0
BRF:2
BRH:0
end_of_record
TN:
SF:src\hooks\useSpeedData.ts
FN:7,useSpeedData
FN:14,(anonymous_1)
FN:33,(anonymous_2)
FN:36,(anonymous_3)
FNF:4
FNH:0
FNDA:0,useSpeedData
FNDA:0,(anonymous_1)
FNDA:0,(anonymous_2)
FNDA:0,(anonymous_3)
DA:5,0
DA:8,0
DA:9,0
DA:10,0
DA:11,0
DA:12,0
DA:14,0
DA:15,0
DA:16,0
DA:21,0
DA:22,0
DA:23,0
DA:24,0
DA:26,0
DA:28,0
DA:33,0
DA:34,0
DA:35,0
DA:36,0
DA:39,0
LF:20
LH:0
BRDA:26,0,0,0
BRDA:26,0,1,0
BRF:2
BRH:0
end_of_record
TN:
SF:src\lib\api.ts
FN:19,apiKeyHeader
FN:24,request
FN:45,(anonymous_2)
FN:50,(anonymous_3)
FN:55,(anonymous_4)
FN:60,(anonymous_5)
FN:65,(anonymous_6)
FN:70,(anonymous_7)
FN:78,(anonymous_8)
FN:83,(anonymous_9)
FN:88,(anonymous_10)
FN:96,(anonymous_11)
FNF:12
FNH:5
FNDA:4,apiKeyHeader
FNDA:4,request
FNDA:1,(anonymous_2)
FNDA:0,(anonymous_3)
FNDA:1,(anonymous_4)
FNDA:0,(anonymous_5)
FNDA:0,(anonymous_6)
FNDA:0,(anonymous_7)
FNDA:2,(anonymous_8)
FNDA:0,(anonymous_9)
FNDA:0,(anonymous_10)
FNDA:0,(anonymous_11)
DA:16,1
DA:20,4
DA:21,4
DA:28,4
DA:36,4
DA:37,1
DA:38,1
DA:40,3
DA:43,1
DA:46,1
DA:51,0
DA:56,1
DA:61,0
DA:66,0
DA:71,0
DA:79,2
DA:84,0
DA:89,0
DA:97,0
LF:19
LH:12
BRDA:21,0,0,0
BRDA:21,0,1,4
BRDA:36,1,0,1
BRDA:36,1,1,3
BRDA:45,2,0,1
BRDA:45,3,0,1
BRF:6
BRH:5
end_of_record
TN:
SF:src\pages\Dashboard.tsx
FN:9,Dashboard
FN:32,(anonymous_1)
FNF:2
FNH:0
FNDA:0,Dashboard
FNDA:0,(anonymous_1)
DA:10,0
DA:13,0
DA:33,0
DA:36,0
LF:4
LH:0
BRDA:24,0,0,0
BRDA:24,0,1,0
BRDA:33,1,0,0
BRDA:33,1,1,0
BRDA:36,2,0,0
BRDA:36,2,1,0
BRDA:43,3,0,0
BRDA:43,3,1,0
BRDA:46,4,0,0
BRDA:46,4,1,0
BRDA:48,5,0,0
BRDA:48,5,1,0
BRDA:48,6,0,0
BRDA:48,6,1,0
BRDA:53,7,0,0
BRDA:53,7,1,0
BRDA:58,8,0,0
BRDA:58,8,1,0
BRDA:64,9,0,0
BRDA:64,9,1,0
BRDA:75,10,0,0
BRDA:75,10,1,0
BRDA:95,11,0,0
BRDA:95,11,1,0
BRDA:106,12,0,0
BRDA:106,12,1,0
BRDA:106,12,2,0
BRDA:106,12,3,0
BRF:28
BRH:0
end_of_record
TN:
SF:src\pages\Settings.tsx
FN:17,getTestButtonClassName
FN:30,renderTestButtonContent
FN:64,toggleExporterInConfig
FN:66,(anonymous_3)
FN:71,renderExporterItem
FN:100,renderSaveButton
FN:118,saveSettings
FN:133,(anonymous_7)
FN:136,Settings
FN:141,(anonymous_9)
FN:148,(anonymous_10)
FN:154,(anonymous_11)
FN:168,(anonymous_12)
FN:170,(anonymous_13)
FN:183,(anonymous_14)
FN:190,(anonymous_15)
FN:197,(anonymous_16)
FN:236,(anonymous_17)
FN:237,(anonymous_18)
FN:264,(anonymous_19)
FN:267,(anonymous_20)
FN:284,(anonymous_21)
FN:285,(anonymous_22)
FN:318,(anonymous_23)
FN:319,(anonymous_24)
FN:347,(anonymous_25)
FN:348,(anonymous_26)
FN:373,(anonymous_27)
FN:374,(anonymous_28)
FN:405,(anonymous_29)
FN:406,(anonymous_30)
FN:428,(anonymous_31)
FN:429,(anonymous_32)
FN:461,(anonymous_33)
FN:462,(anonymous_34)
FN:480,(anonymous_35)
FN:481,(anonymous_36)
FN:504,(anonymous_37)
FN:505,(anonymous_38)
FN:537,(anonymous_39)
FN:538,(anonymous_40)
FN:556,(anonymous_41)
FN:557,(anonymous_42)
FN:575,(anonymous_43)
FN:576,(anonymous_44)
FN:605,(anonymous_45)
FN:606,(anonymous_46)
FN:638,(anonymous_47)
FN:639,(anonymous_48)
FN:659,(anonymous_49)
FN:660,(anonymous_50)
FN:670,(anonymous_51)
FN:671,(anonymous_52)
FN:734,(anonymous_53)
FN:741,(anonymous_54)
FN:741,(anonymous_55)
FNF:56
FNH:0
FNDA:0,getTestButtonClassName
FNDA:0,renderTestButtonContent
FNDA:0,toggleExporterInConfig
FNDA:0,(anonymous_3)
FNDA:0,renderExporterItem
FNDA:0,renderSaveButton
FNDA:0,saveSettings
FNDA:0,(anonymous_7)
FNDA:0,Settings
FNDA:0,(anonymous_9)
FNDA:0,(anonymous_10)
FNDA:0,(anonymous_11)
FNDA:0,(anonymous_12)
FNDA:0,(anonymous_13)
FNDA:0,(anonymous_14)
FNDA:0,(anonymous_15)
FNDA:0,(anonymous_16)
FNDA:0,(anonymous_17)
FNDA:0,(anonymous_18)
FNDA:0,(anonymous_19)
FNDA:0,(anonymous_20)
FNDA:0,(anonymous_21)
FNDA:0,(anonymous_22)
FNDA:0,(anonymous_23)
FNDA:0,(anonymous_24)
FNDA:0,(anonymous_25)
FNDA:0,(anonymous_26)
FNDA:0,(anonymous_27)
FNDA:0,(anonymous_28)
FNDA:0,(anonymous_29)
FNDA:0,(anonymous_30)
FNDA:0,(anonymous_31)
FNDA:0,(anonymous_32)
FNDA:0,(anonymous_33)
FNDA:0,(anonymous_34)
FNDA:0,(anonymous_35)
FNDA:0,(anonymous_36)
FNDA:0,(anonymous_37)
FNDA:0,(anonymous_38)
FNDA:0,(anonymous_39)
FNDA:0,(anonymous_40)
FNDA:0,(anonymous_41)
FNDA:0,(anonymous_42)
FNDA:0,(anonymous_43)
FNDA:0,(anonymous_44)
FNDA:0,(anonymous_45)
FNDA:0,(anonymous_46)
FNDA:0,(anonymous_47)
FNDA:0,(anonymous_48)
FNDA:0,(anonymous_49)
FNDA:0,(anonymous_50)
FNDA:0,(anonymous_51)
FNDA:0,(anonymous_52)
FNDA:0,(anonymous_53)
FNDA:0,(anonymous_54)
FNDA:0,(anonymous_55)
DA:8,0
DA:18,0
DA:19,0
DA:21,0
DA:22,0
DA:24,0
DA:25,0
DA:27,0
DA:31,0
DA:32,0
DA:39,0
DA:40,0
DA:47,0
DA:48,0
DA:56,0
DA:65,0
DA:66,0
DA:68,0
DA:72,0
DA:101,0
DA:104,0
DA:105,0
DA:107,0
DA:126,0
DA:127,0
DA:129,0
DA:131,0
DA:132,0
DA:133,0
DA:137,0
DA:138,0
DA:139,0
DA:140,0
DA:141,0
DA:142,0
DA:143,0
DA:144,0
DA:148,0
DA:149,0
DA:150,0
DA:154,0
DA:155,0
DA:156,0
DA:160,0
DA:161,0
DA:168,0
DA:170,0
DA:171,0
DA:172,0
DA:173,0
DA:174,0
DA:176,0
DA:177,0
DA:180,0
DA:182,0
DA:183,0
DA:184,0
DA:185,0
DA:188,0
DA:189,0
DA:190,0
DA:191,0
DA:192,0
DA:197,0
DA:198,0
DA:201,0
DA:237,0
DA:238,0
DA:265,0
DA:268,0
DA:285,0
DA:319,0
DA:320,0
DA:348,0
DA:349,0
DA:374,0
DA:375,0
DA:406,0
DA:407,0
DA:429,0
DA:430,0
DA:462,0
DA:463,0
DA:481,0
DA:482,0
DA:505,0
DA:506,0
DA:538,0
DA:539,0
DA:557,0
DA:558,0
DA:576,0
DA:577,0
DA:606,0
DA:607,0
DA:639,0
DA:640,0
DA:660,0
DA:661,0
DA:670,0
DA:671,0
DA:734,0
DA:741,0
LF:103
LH:0
BRDA:18,0,0,0
BRDA:18,0,1,0
BRDA:21,1,0,0
BRDA:21,1,1,0
BRDA:24,2,0,0
BRDA:24,2,1,0
BRDA:31,3,0,0
BRDA:31,3,1,0
BRDA:39,4,0,0
BRDA:39,4,1,0
BRDA:47,5,0,0
BRDA:47,5,1,0
BRDA:65,6,0,0
BRDA:65,6,1,0
BRDA:86,7,0,0
BRDA:86,7,1,0
BRDA:92,8,0,0
BRDA:92,8,1,0
BRDA:101,9,0,0
BRDA:101,9,1,0
BRDA:104,10,0,0
BRDA:104,10,1,0
BRDA:105,11,0,0
BRDA:105,11,1,0
BRDA:126,12,0,0
BRDA:126,12,1,0
BRDA:141,13,0,0
BRDA:141,13,1,0
BRDA:149,14,0,0
BRDA:149,14,1,0
BRDA:149,15,0,0
BRDA:149,15,1,0
BRDA:155,16,0,0
BRDA:155,16,1,0
BRDA:155,17,0,0
BRDA:155,17,1,0
BRDA:160,18,0,0
BRDA:160,18,1,0
BRDA:160,19,0,0
BRDA:160,19,1,0
BRDA:176,20,0,0
BRDA:176,20,1,0
BRDA:176,21,0,0
BRDA:176,21,1,0
BRDA:189,22,0,0
BRDA:189,22,1,0
BRDA:238,23,0,0
BRDA:238,23,1,0
BRDA:243,24,0,0
BRDA:243,24,1,0
BRDA:276,25,0,0
BRDA:276,25,1,0
BRDA:285,26,0,0
BRDA:285,26,1,0
BRDA:288,27,0,0
BRDA:288,27,1,0
BRDA:294,28,0,0
BRDA:294,28,1,0
BRDA:304,29,0,0
BRDA:304,29,1,0
BRDA:320,30,0,0
BRDA:320,30,1,0
BRDA:325,31,0,0
BRDA:325,31,1,0
BRDA:349,32,0,0
BRDA:349,32,1,0
BRDA:354,33,0,0
BRDA:354,33,1,0
BRDA:375,34,0,0
BRDA:375,34,1,0
BRDA:390,35,0,0
BRDA:390,35,1,0
BRDA:395,36,0,0
BRDA:395,36,1,0
BRDA:400,37,0,0
BRDA:400,37,1,0
BRDA:407,38,0,0
BRDA:407,38,1,0
BRDA:430,39,0,0
BRDA:430,39,1,0
BRDA:445,40,0,0
BRDA:445,40,1,0
BRDA:450,41,0,0
BRDA:450,41,1,0
BRDA:455,42,0,0
BRDA:455,42,1,0
BRDA:463,43,0,0
BRDA:463,43,1,0
BRDA:482,44,0,0
BRDA:482,44,1,0
BRDA:506,45,0,0
BRDA:506,45,1,0
BRDA:521,46,0,0
BRDA:521,46,1,0
BRDA:526,47,0,0
BRDA:526,47,1,0
BRDA:531,48,0,0
BRDA:531,48,1,0
BRDA:539,49,0,0
BRDA:539,49,1,0
BRDA:558,50,0,0
BRDA:558,50,1,0
BRDA:577,51,0,0
BRDA:577,51,1,0
BRDA:607,52,0,0
BRDA:607,52,1,0
BRDA:622,53,0,0
BRDA:622,53,1,0
BRDA:627,54,0,0
BRDA:627,54,1,0
BRDA:632,55,0,0
BRDA:632,55,1,0
BRDA:640,56,0,0
BRDA:640,56,1,0
BRDA:658,57,0,0
BRDA:658,57,1,0
BRDA:661,58,0,0
BRDA:661,58,1,0
BRDA:706,59,0,0
BRDA:706,59,1,0
BRDA:708,60,0,0
BRDA:708,60,1,0
BRDA:732,61,0,0
BRDA:732,61,1,0
BRDA:743,62,0,0
BRDA:743,62,1,0
BRDA:745,63,0,0
BRDA:745,63,1,0
BRF:128
BRH:0
end_of_record
TN:
SF:src\types\index.ts
FNF:0
FNH:0
LF:0
LH:0
BRF:0
BRH:0
end_of_record
